Arguments: 
  /usr/local/bin/node /usr/local/bin/yarn add gatsby-plugin-copy-file

PATH: 
  /usr/local/bin:/usr/bin:/bin:/usr/sbin:/sbin:/Users/ericpolman/Library/Python/2.7/bin:/Users/ericpolman/Library/Python/2.7/bin

Yarn version: 
  1.22.4

Node version: 
  12.14.1

Platform: 
  darwin x64

Trace: 
  Error: https://registry.yarnpkg.com/gatsby-plugin-copy-file: Not found
      at Request.params.callback [as _callback] (/usr/local/lib/node_modules/yarn/lib/cli.js:66987:18)
      at Request.self.callback (/usr/local/lib/node_modules/yarn/lib/cli.js:140748:22)
      at Request.emit (events.js:223:5)
      at Request.<anonymous> (/usr/local/lib/node_modules/yarn/lib/cli.js:141720:10)
      at Request.emit (events.js:223:5)
      at IncomingMessage.<anonymous> (/usr/local/lib/node_modules/yarn/lib/cli.js:141642:12)
      at Object.onceWrapper (events.js:312:28)
      at IncomingMessage.emit (events.js:228:7)
      at endReadableNT (_stream_readable.js:1185:12)
      at processTicksAndRejections (internal/process/task_queues.js:81:21)

npm manifest: 
  {
    "devDependencies": {
      "eslint-plugin-react-hooks": "^3.0.0",
      "react-hooks": "^1.0.1"
    }
  }

yarn manifest: 
  No manifest

Lockfile: 
  # THIS IS AN AUTOGENERATED FILE. DO NOT EDIT THIS FILE DIRECTLY.
  # yarn lockfile v1
  
  
  eslint-plugin-react-hooks@^3.0.0:
    version "3.0.0"
    resolved "https://registry.yarnpkg.com/eslint-plugin-react-hooks/-/eslint-plugin-react-hooks-3.0.0.tgz#9e80c71846eb68dd29c3b21d832728aa66e5bd35"
    integrity sha512-EjxTHxjLKIBWFgDJdhKKzLh5q+vjTFrqNZX36uIxWS4OfyXe5DawqPj3U5qeJ1ngLwatjzQnmR0Lz0J0YH3kxw==
  
  react-hooks@^1.0.1:
    version "1.0.1"
    resolved "https://registry.yarnpkg.com/react-hooks/-/react-hooks-1.0.1.tgz#e62197c38cd8d0703060f791234f7f4698aa7c44"
    integrity sha1-5iGXw4zY0HAwYPeRI09/RpiqfEQ=
